0 verbose cli D:\programs\node.exe D:\programs\node_modules\npm\bin\npm-cli.js
1 info using npm@10.9.2
2 info using node@v22.17.0
3 silly config load:file:D:\programs\node_modules\npm\npmrc
4 silly config load:file:D:\Files\LIU\info m1\senior-project\new\BlindAssistanceApp\.npmrc
5 silly config load:file:C:\Users\Ali\.npmrc
6 silly config load:file:C:\Users\Ali\AppData\Roaming\npm\etc\npmrc
7 verbose title npm install lucide-react-native
8 verbose argv "install" "lucide-react-native"
9 verbose logfile logs-max:10 dir:D:\Files\LIU\info m1\senior-project\new\BlindAssistanceApp\.npm-cache\_logs\2026-04-05T08_33_35_392Z-
10 verbose logfile D:\Files\LIU\info m1\senior-project\new\BlindAssistanceApp\.npm-cache\_logs\2026-04-05T08_33_35_392Z-debug-0.log
11 silly logfile done cleaning log files
12 silly packumentCache heap:4345298944 maxSize:1086324736 maxEntrySize:543162368
13 http fetch GET https://registry.npmjs.org/npm attempt 1 failed with EACCES
14 silly idealTree buildDeps
15 silly fetch manifest lucide-react-native@*
16 silly packumentCache full:https://registry.npmjs.org/lucide-react-native cache-miss
17 http fetch GET https://registry.npmjs.org/lucide-react-native attempt 1 failed with EACCES
18 http fetch GET https://registry.npmjs.org/npm attempt 2 failed with EACCES
19 http fetch GET https://registry.npmjs.org/lucide-react-native attempt 2 failed with EACCES
20 http fetch GET https://registry.npmjs.org/npm attempt 3 failed with EACCES
21 http fetch GET https://registry.npmjs.org/lucide-react-native attempt 3 failed with EACCES
22 silly placeDep ROOT lucide-react-native@ OK for: blindassistanceapp@1.0.0 want: *
23 verbose type system
24 verbose stack FetchError: request to https://registry.npmjs.org/lucide-react-native failed, reason: 
24 verbose stack     at ClientRequest.<anonymous> (D:\programs\node_modules\npm\node_modules\minipass-fetch\lib\index.js:130:14)
24 verbose stack     at ClientRequest.emit (node:events:518:28)
24 verbose stack     at emitErrorEvent (node:_http_client:104:11)
24 verbose stack     at _destroy (node:_http_client:898:9)
24 verbose stack     at onSocketNT (node:_http_client:918:5)
24 verbose stack     at process.processTicksAndRejections (node:internal/process/task_queues:91:21)
25 error code EACCES
26 error errno EACCES
27 error FetchError: request to https://registry.npmjs.org/lucide-react-native failed, reason: 
27 error     at ClientRequest.<anonymous> (D:\programs\node_modules\npm\node_modules\minipass-fetch\lib\index.js:130:14)
27 error     at ClientRequest.emit (node:events:518:28)
27 error     at emitErrorEvent (node:_http_client:104:11)
27 error     at _destroy (node:_http_client:898:9)
27 error     at onSocketNT (node:_http_client:918:5)
27 error     at process.processTicksAndRejections (node:internal/process/task_queues:91:21) {
27 error   code: 'EACCES',
27 error   errno: 'EACCES',
27 error   type: 'system',
27 error   requiredBy: '.'
27 error }
28 error
28 error The operation was rejected by your operating system.
28 error It's possible that the file was already in use (by a text editor or antivirus),
28 error or that you lack permissions to access it.
28 error
28 error If you believe this might be a permissions issue, please double-check the
28 error permissions of the file and its containing directories, or try running
28 error the command again as root/Administrator.
29 silly unfinished npm timer reify 1775378017594
30 silly unfinished npm timer reify:loadTrees 1775378017596
31 verbose cwd D:\Files\LIU\info m1\senior-project\new\BlindAssistanceApp
32 verbose os Windows_NT 10.0.26200
33 verbose node v22.17.0
34 verbose npm  v10.9.2
35 verbose exit 1
36 verbose code 1
37 error A complete log of this run can be found in: D:\Files\LIU\info m1\senior-project\new\BlindAssistanceApp\.npm-cache\_logs\2026-04-05T08_33_35_392Z-debug-0.log
